#
# There is insufficient memory for the Java Runtime Environment to continue.
# Native memory allocation (mmap) failed to map 268435456 bytes for Failed to commit area from 0x0000000701c00000 to 0x0000000711c00000 of length 268435456.
# Possible reasons:
#   The system is out of physical RAM or swap space
#   The process is running with CompressedOops enabled, and the Java Heap may be blocking the growth of the native heap
# Possible solutions:
#   Reduce memory load on the system
#   Increase physical memory or swap space
#   Check if swap backing store is full
#   Decrease Java heap size (-Xmx/-Xms)
#   Decrease number of Java threads
#   Decrease Java thread stack sizes (-Xss)
#   Set larger code cache with -XX:ReservedCodeCacheSize=
# This output file may be truncated or incomplete.
#
#  Out of Memory Error (src/hotspot/os/windows/os_windows.cpp:3627), pid=17696, tid=17392
#
# JRE version:  (11.0.15+10) (build )
# Java VM: OpenJDK 64-Bit Server VM (11.0.15+10-b2043.56, mixed mode, sharing, tiered, compressed oops, g1 gc, windows-amd64)
# No core dump will be written. Minidumps are not enabled by default on client versions of Windows
#

---------------  S U M M A R Y ------------

Command Line: git4idea.http.GitAskPassApp Username for 'https://github.com': 

Host: Intel(R) Core(TM) i7-3770 CPU @ 3.40GHz, 8 cores, 15G,  Windows 10 , 64 bit Build 19041 (10.0.19041.1806)
Time: Mon Aug 15 17:01:46 2022 RTZ 2 (s 10 , 64 bit Build 19041 (10.0.19041.1806) elapsed time: 0.009585 seconds (0d 0h 0m 0s)

---------------  T H R E A D  ---------------

Current thread (0x0000027b8203c000):  JavaThread "Unknown thread" [_thread_in_vm, id=17392, stack(0x000000f976500000,0x000000f976600000)]

Stack: [0x000000f976500000,0x000000f976600000]
Native frames: (J=compiled Java code, j=interpreted, Vv=VM code, C=native code)
V  [jvm.dll+0x61612a]
V  [jvm.dll+0x79c450]
V  [jvm.dll+0x79da6d]
V  [jvm.dll+0x79e143]
V  [jvm.dll+0x24cc18]
V  [jvm.dll+0x613174]
V  [jvm.dll+0x607e55]
V  [jvm.dll+0x30b1cb]
V  [jvm.dll+0x30b13a]
V  [jvm.dll+0x30b012]
V  [jvm.dll+0x30ff76]
V  [jvm.dll+0x35b4c3]
V  [jvm.dll+0x35bbc6]
V  [jvm.dll+0x35b5c3]
V  [jvm.dll+0x2e5918]
V  [jvm.dll+0x2e6ab7]
V  [jvm.dll+0x7794f7]
V  [jvm.dll+0x77acec]
V  [jvm.dll+0x368a59]
V  [jvm.dll+0x75ce8e]
V  [jvm.dll+0x3d6a33]
V  [jvm.dll+0x3d9001]
C  [jli.dll+0x536b]
C  [ucrtbase.dll+0x21bb2]
C  [KERNEL32.DLL+0x17034]
C  [ntdll.dll+0x52651]


---------------  P R O C E S S  ---------------

Threads class SMR info:
_java_thread_list=0x0000027bffe308a0, length=0, elements={
}

Java Threads: ( => current thread )

Other Threads:
  0x0000027b82055000 GCTaskThread "GC Thread#0" [stack: 0x000000f976600000,0x000000f976700000] [id=20072]
  0x0000027b820b5000 ConcurrentGCThread "G1 Main Marker" [stack: 0x000000f976700000,0x000000f976800000] [id=5812]
  0x0000027b820b6000 ConcurrentGCThread "G1 Conc#0" [stack: 0x000000f976800000,0x000000f976900000] [id=17660]

[error occurred during error reporting (printing all threads), id 0xc0000005, EXCEPTION_ACCESS_VIOLATION (0xc0000005) at pc=0x00007fffb4366017]

VM state:not at safepoint (not fully initialized)

VM Mutex/Monitor currently owned by a thread:  ([mutex/lock_event])
[0x0000027b82039150] Heap_lock - owner thread: 0x0000027b8203c000

Heap address: 0x0000000701c00000, size: 4068 MB, Compressed Oops mode: Non-zero based: 0x0000000701c00000
Narrow klass base: 0x0000000000000000, Narrow klass shift: 0

GC Heap History (0 events):
No events

Deoptimization events (0 events):
No events

Classes redefined (0 events):
No events

Internal exceptions (0 events):
No events

Events (1 events):
Event: 0.006 Loaded shared library C:\Program Files\JetBrains\IntelliJ IDEA 2022.1.3\jbr\bin\zip.dll


Dynamic libraries:
0x00007ff721ea0000 - 0x00007ff721eaa000 	C:\Program Files\JetBrains\IntelliJ IDEA 2022.1.3\jbr\bin\java.exe
0x00007ff878cf0000 - 0x00007ff878ee8000 	C:\WINDOWS\SYSTEM32\ntdll.dll
0x00007ff877c20000 - 0x00007ff877cdd000 	C:\WINDOWS\System32\KERNEL32.DLL
0x00007ff876a80000 - 0x00007ff876d4e000 	C:\WINDOWS\System32\KERNELBASE.dll
0x00007ff876410000 - 0x00007ff876510000 	C:\WINDOWS\System32\ucrtbase.dll
0x00007ff86ade0000 - 0x00007ff86adf9000 	C:\Program Files\JetBrains\IntelliJ IDEA 2022.1.3\jbr\bin\jli.dll
0x00007ff869bf0000 - 0x00007ff869c06000 	C:\Program Files\JetBrains\IntelliJ IDEA 2022.1.3\jbr\bin\VCRUNTIME140.dll
0x00007ff876d50000 - 0x00007ff876ef0000 	C:\WINDOWS\System32\USER32.dll
0x00007ff8767e0000 - 0x00007ff876802000 	C:\WINDOWS\System32\win32u.dll
0x00007ff860a50000 - 0x00007ff860cea000 	C:\WINDOWS\WinSxS\amd64_microsoft.windows.common-controls_6595b64144ccf1df_6.0.19041.1110_none_60b5254171f9507e\COMCTL32.dll
0x00007ff877390000 - 0x00007ff87742e000 	C:\WINDOWS\System32\msvcrt.dll
0x00007ff876f10000 - 0x00007ff876f3a000 	C:\WINDOWS\System32\GDI32.dll
0x00007ff876970000 - 0x00007ff876a7b000 	C:\WINDOWS\System32\gdi32full.dll
0x00007ff876690000 - 0x00007ff87672d000 	C:\WINDOWS\System32\msvcp_win.dll
0x00007ff877360000 - 0x00007ff877390000 	C:\WINDOWS\System32\IMM32.DLL
0x00007ff8662e0000 - 0x00007ff86638a000 	C:\Program Files\JetBrains\IntelliJ IDEA 2022.1.3\jbr\bin\msvcp140.dll
0x00007fffb4070000 - 0x00007fffb4beb000 	C:\Program Files\JetBrains\IntelliJ IDEA 2022.1.3\jbr\bin\server\jvm.dll
0x00007ff8775c0000 - 0x00007ff87766e000 	C:\WINDOWS\System32\ADVAPI32.dll
0x00007ff877970000 - 0x00007ff877a0c000 	C:\WINDOWS\System32\sechost.dll
0x00007ff877fc0000 - 0x00007ff8780e5000 	C:\WINDOWS\System32\RPCRT4.dll
0x00007ff876f00000 - 0x00007ff876f08000 	C:\WINDOWS\System32\PSAPI.DLL
0x00007ff860590000 - 0x00007ff860599000 	C:\WINDOWS\SYSTEM32\WSOCK32.dll
0x00007ff86e0c0000 - 0x00007ff86e0e7000 	C:\WINDOWS\SYSTEM32\WINMM.dll
0x00007ff877550000 - 0x00007ff8775bb000 	C:\WINDOWS\System32\WS2_32.dll
0x00007ff86f3d0000 - 0x00007ff86f3da000 	C:\WINDOWS\SYSTEM32\VERSION.dll
0x00007ff874250000 - 0x00007ff874262000 	C:\WINDOWS\SYSTEM32\kernel.appcore.dll
0x00007ff86b670000 - 0x00007ff86b681000 	C:\Program Files\JetBrains\IntelliJ IDEA 2022.1.3\jbr\bin\verify.dll
0x00007ff86ffa0000 - 0x00007ff870184000 	C:\WINDOWS\SYSTEM32\DBGHELP.DLL
0x00007ff8603b0000 - 0x00007ff8603dc000 	C:\WINDOWS\SYSTEM32\dbgcore.DLL
0x00007ff876600000 - 0x00007ff876682000 	C:\WINDOWS\System32\bcryptPrimitives.dll
0x00007ff869c30000 - 0x00007ff869c59000 	C:\Program Files\JetBrains\IntelliJ IDEA 2022.1.3\jbr\bin\java.dll
0x00007ff86e080000 - 0x00007ff86e08b000 	C:\Program Files\JetBrains\IntelliJ IDEA 2022.1.3\jbr\bin\jimage.dll
0x00007ff86a2b0000 - 0x00007ff86a2c9000 	C:\Program Files\JetBrains\IntelliJ IDEA 2022.1.3\jbr\bin\zip.dll

dbghelp: loaded successfully - version: 4.0.5 - missing functions: none
symbol engine: initialized successfully - sym options: 0x614 - pdb path: .;C:\Program Files\JetBrains\IntelliJ IDEA 2022.1.3\jbr\bin;C:\WINDOWS\SYSTEM32;C:\WINDOWS\WinSxS\amd64_microsoft.windows.common-controls_6595b64144ccf1df_6.0.19041.1110_none_60b5254171f9507e;C:\Program Files\JetBrains\IntelliJ IDEA 2022.1.3\jbr\bin\server

VM Arguments:
java_command: git4idea.http.GitAskPassApp Username for 'https://github.com': 
java_class_path (initial): C:/Program Files/JetBrains/IntelliJ IDEA 2022.1.3/plugins/git4idea/lib/git4idea-rt.jar;C:/Program Files/JetBrains/IntelliJ IDEA 2022.1.3/lib/externalProcess-rt.jar;C:/Program Files/JetBrains/IntelliJ IDEA 2022.1.3/lib/app.jar;C:/Program Files/JetBrains/IntelliJ IDEA 2022.1.3/lib/3rd-party-rt.jar
Launcher Type: SUN_STANDARD

[Global flags]
     intx CICompilerCount                          = 4                                         {product} {ergonomic}
     uint ConcGCThreads                            = 2                                         {product} {ergonomic}
     uint G1ConcRefinementThreads                  = 8                                         {product} {ergonomic}
   size_t G1HeapRegionSize                         = 1048576                                   {product} {ergonomic}
    uintx GCDrainStackTargetSize                   = 64                                        {product} {ergonomic}
   size_t InitialHeapSize                          = 268435456                                 {product} {ergonomic}
   size_t MarkStackSize                            = 4194304                                   {product} {ergonomic}
   size_t MaxHeapSize                              = 4265607168                                {product} {ergonomic}
   size_t MinHeapDeltaBytes                        = 1048576                                   {product} {ergonomic}
    uintx NonNMethodCodeHeapSize                   = 5836300                                {pd product} {ergonomic}
    uintx NonProfiledCodeHeapSize                  = 122910970                              {pd product} {ergonomic}
    uintx ProfiledCodeHeapSize                     = 122910970                              {pd product} {ergonomic}
    uintx ReservedCodeCacheSize                    = 251658240                              {pd product} {ergonomic}
     bool SegmentedCodeCache                       = true                                      {product} {ergonomic}
     bool UseCompressedClassPointers               = true                                 {lp64_product} {ergonomic}
     bool UseCompressedOops                        = true                                 {lp64_product} {ergonomic}
     bool UseG1GC                                  = true                                      {product} {ergonomic}
     bool UseLargePagesIndividualAllocation        = false                                  {pd product} {ergonomic}

Logging:
Log output configuration:
 #0: stdout all=warning uptime,level,tags
 #1: stderr all=off uptime,level,tags

Environment Variables:
JAVA_HOME=C:\Program Files\Amazon Corretto\
PATH=C:\Program Files\Git\mingw64\libexec\git-core;C:\Program Files\Git\mingw64\libexec\git-core;C:\Program Files\Git\mingw64\bin;C:\Program Files\Git\usr\bin;C:\Users\кончтруктор\bin;C:\Program Files\Amazon Corretto\jdk11.0.14_9\bin;C:\Program Files\Common Files\Oracle\Java\javapath;C:\Program Files (x86)\Common Files\Intel\Shared Libraries\redist\intel64_win\compiler;C:\WINDOWS\system32;C:\WINDOWS;C:\WINDOWS\System32\Wbem;C:\WINDOWS\System32\WindowsPowerShell\v1.0;C:\WINDOWS\System32\OpenSSH;C:\Program Files\Git\cmd;C:\Users\кончтруктор\AppData\Local\Microsoft\WindowsApps
USERNAME=кончтруктор
DISPLAY=:0.0
LC_ALL=en_US.UTF-8
OS=Windows_NT
PROCESSOR_IDENTIFIER=Intel64 Family 6 Model 58 Stepping 9, GenuineIntel



---------------  S Y S T E M  ---------------

OS: Windows 10 , 64 bit Build 19041 (10.0.19041.1806)
OS uptime: 7 days 8:46 hours

CPU:total 8 (initial active 8) (4 cores per cpu, 2 threads per core) family 6 model 58 stepping 9 microcode 0x21, cmov, cx8, fxsr, mmx, sse, sse2, sse3, ssse3, sse4.1, sse4.2, popcnt, avx, aes, clmul, erms, ht, tsc, tscinvbit, tscinv

Memory: 4k page, system-wide physical 16271M (2490M free)
TotalPageFile size 30391M (AvailPageFile size 29M)
current process WorkingSet (physical memory assigned to process): 10M, peak: 10M
current process commit charge ("private bytes"): 60M, peak: 316M

vm_info: OpenJDK 64-Bit Server VM (11.0.15+10-b2043.56) for windows-amd64 JRE (11.0.15+10-b2043.56), built on May 16 2022 02:28:12 by "" with MS VC++ 14.0 (VS2015)

END.
